Info: Starting: Create testbench Qsys system
Info: D:/exemplo_VHDL/SimpleNiosII/HostSystem/testbench/HostSystem.ipx
Info: ip-generate --project-directory=D:/exemplo_VHDL/SimpleNiosII/ --output-directory=D:/exemplo_VHDL/SimpleNiosII/ --report-file=sopcinfo:D:/exemplo_VHDL/SimpleNiosII/HostSystem.sopcinfo --report-file=html:D:/exemplo_VHDL/SimpleNiosII/HostSystem.html --system-info=DEVICE_FAMILY="Cyclone III" --system-info=DEVICE=Unknown --system-info=DEVICE_SPEEDGRADE=Unknown --component-file=D:/exemplo_VHDL/SimpleNiosII/HostSystem.qsys
Progress: Loading SimpleNiosII/HostSystem.qsys
Progress: Reading input file
Progress: Adding clk_0 [clock_source 13.0]
Progress: Parameterizing module clk_0
Progress: Adding memory [altera_avalon_onchip_memory2 13.0.1.99.2]
Progress: Parameterizing module memory
Progress: Adding cpu [altera_nios2_qsys 13.0]
Progress: Parameterizing module cpu
Progress: Adding exemplo_0 [exemplo 1.0]
Progress: Parameterizing module exemplo_0
Progress: Building connections
Progress: Parameterizing connections
Progress: Validating
Progress: Done reading input file
Warning: HostSystem.cpu: No Debugger.  You will not be able to download or debug programs
Warning: HostSystem.clk_0.clk/exemplo_0.clock_sink: exemplo_0.clock_sink requires 50000000Hz, but source has frequency of 25000000Hz
Info: ip-generate succeeded.
Info: Loading component library for testbench.
Progress: 
Progress: 
Progress: 
Progress: (1) searching C:/altera/13.0sp1/quartus/sopc_builder/bin/root_components.ipx (ipx file)
Info: Reading index C:/altera/13.0sp1/quartus/sopc_builder/bin/root_components.ipx
Info: C:/altera/13.0sp1/quartus/sopc_builder/bin/root_components.ipx: Loading now from components.ipx
Info: Reading index C:/altera/13.0sp1/quartus/sopc_builder/bin/ip_component_categories.ipx
Info: C:/altera/13.0sp1/quartus/sopc_builder/bin/ip_component_categories.ipx described 0 plugins, 0 paths, in 0,02 seconds
Info: C:/altera/13.0sp1/quartus/sopc_builder/bin/ip_component_categories.ipx matched 1 files in 0,02 seconds
Info: Reading index C:/altera/13.0sp1/ip/altera/altera_components.ipx
Info: C:/altera/13.0sp1/ip/altera/altera_components.ipx described 848 plugins, 0 paths, in 0,10 seconds
Info: C:/altera/13.0sp1/ip/**/* matched 97 files in 0,11 seconds
Info: C:/Users/luizc/.altera.quartus/ip/13.0sp1/**/* matched 0 files in 0,00 seconds
Info: D:/exemplo_VHDL/SimpleNiosII/HostSystem/testbench/ip/**/* matched 0 files in 0,00 seconds
Info: Reading index D:/exemplo_VHDL/SimpleNiosII/HostSystem/testbench/HostSystem.ipx
Progress: Loading SimpleNiosII/HostSystem.qsys
Progress: Loading SimpleNiosII/countBits_hw.tcl
Progress: Loading SimpleNiosII/exemplo_hw.tcl
Info: D:/exemplo_VHDL/SimpleNiosII/* matched 29 files in 0,05 seconds
Info: D:/exemplo_VHDL/SimpleNiosII/ip/**/* matched 0 files in 0,00 seconds
Info: D:/exemplo_VHDL/SimpleNiosII/*/* matched 76 files in 0,02 seconds
Info: D:/exemplo_VHDL/SimpleNiosII/HostSystem/testbench/HostSystem.ipx described 0 plugins, 3 paths, in 0,06 seconds
Progress: Loading testbench/HostSystem_tb.qsys
Info: D:/exemplo_VHDL/SimpleNiosII/HostSystem/testbench/* matched 8 files in 0,08 seconds
Info: D:/exemplo_VHDL/SimpleNiosII/HostSystem/testbench/*/* matched 8 files in 0,00 seconds
Info: Reading index C:/altera/13.0sp1/quartus/sopc_builder/builtin.ipx
Info: C:/altera/13.0sp1/quartus/sopc_builder/builtin.ipx described 103 plugins, 0 paths, in 0,02 seconds
Info: C:/altera/13.0sp1/quartus/sopc_builder/**/* matched 9 files in 0,02 seconds
Info: Reading index C:/altera/13.0sp1/quartus/common/librarian/factories/index.ipx
Info: C:/altera/13.0sp1/quartus/common/librarian/factories/index.ipx described 151 plugins, 0 paths, in 0,02 seconds
Info: C:/altera/13.0sp1/quartus/common/librarian/factories/**/* matched 4 files in 0,02 seconds
Info: C:/altera/13.0sp1/quartus/sopc_builder/bin/$IP_IPX_PATH matched 1 files in 0,00 seconds
Info: C:/altera/13.0sp1/quartus/sopc_builder/bin/root_components.ipx described 0 plugins, 9 paths, in 0,24 seconds
Info: C:/altera/13.0sp1/quartus/sopc_builder/bin/root_components.ipx matched 1 files in 0,24 seconds
Progress: 
Progress: 
Progress: 
Info: Loading presets
Progress: Loading presets
Info: Running script C:/altera/13.0sp1/quartus/sopc_builder/bin/tbgen.tcl
Info: acds::register_package_version 12.1
Info: send_message Info TB_Gen: QSYS Testbench Generator Rev: $Revision: #2 $
Info: TB_Gen: QSYS Testbench Generator Rev: $Revision: #2 $
Info: get_module_property NAME
Info: send_message Info TB_Gen: System design is: HostSystem
Info: TB_Gen: System design is: HostSystem
Info: get_interfaces 
Info: get_connections 
Info: get_interface_property clk EXPORT_OF
Info: get_instance_property clk_0 CLASS_NAME
Info: get_instance_assignment clk_0 testbench.partner.map.clk_in
Info: get_interface_property reset EXPORT_OF
Info: get_instance_property clk_0 CLASS_NAME
Info: get_instance_assignment clk_0 testbench.partner.map.clk_in_reset
Info: send_message Info TB_Gen: Creating testbench system : HostSystem_tb with all standard BFMs
Info: TB_Gen: Creating testbench system : HostSystem_tb with all standard BFMs
Info: create_system HostSystem_tb
Info: add_instance HostSystem_inst HostSystem 
Info: set_use_testbench_naming_pattern true
Info: get_instance_interfaces HostSystem_inst
Info: get_instance_interface_property HostSystem_inst clk CLASS_NAME
Info: get_instance_interface_property HostSystem_inst reset CLASS_NAME
Info: get_instance_interface_property HostSystem_inst clk CLASS_NAME
Info: send_message Info TB_Gen: clock_sink found: clk
Info: TB_Gen: clock_sink found: clk
Info: get_instance_interface_property HostSystem_inst clk CLASS_NAME
Info: add_instance HostSystem_inst_clk_bfm altera_avalon_clock_source 
Info: get_instance_property HostSystem_inst_clk_bfm CLASS_NAME
Info: get_instance_interface_parameter_value HostSystem_inst clk clockRate
Info: set_instance_parameter_value HostSystem_inst_clk_bfm CLOCK_RATE 25000000.0
Info: set_instance_parameter_value HostSystem_inst_clk_bfm CLOCK_UNIT 1
Info: get_instance_property HostSystem_inst_clk_bfm CLASS_NAME
Info: get_instance_interface_property HostSystem_inst clk CLASS_NAME
Info: get_instance_interfaces HostSystem_inst_clk_bfm
Info: get_instance_interface_property HostSystem_inst_clk_bfm clk CLASS_NAME
Info: add_connection HostSystem_inst_clk_bfm.clk HostSystem_inst.clk
Info: get_instance_interface_property HostSystem_inst reset CLASS_NAME
Info: send_message Info TB_Gen: reset_sink found: reset
Info: TB_Gen: reset_sink found: reset
Info: get_instance_interface_property HostSystem_inst reset CLASS_NAME
Info: add_instance HostSystem_inst_reset_bfm altera_avalon_reset_source 
Info: get_instance_property HostSystem_inst_reset_bfm CLASS_NAME
Info: get_instance_interface_ports HostSystem_inst reset
Info: get_instance_interface_port_property HostSystem_inst reset reset_reset_n ROLE
Info: set_instance_parameter_value HostSystem_inst_reset_bfm ASSERT_HIGH_RESET 0
Info: set_instance_parameter_value HostSystem_inst_reset_bfm INITIAL_RESET_CYCLES 50
Info: get_instance_property HostSystem_inst_reset_bfm CLASS_NAME
Info: get_instance_interfaces HostSystem_inst_reset_bfm
Info: get_instance_interface_property HostSystem_inst_reset_bfm reset CLASS_NAME
Info: get_instance_interface_property HostSystem_inst_reset_bfm clk CLASS_NAME
Info: get_instance_property HostSystem_inst_reset_bfm CLASS_NAME
Info: get_instance_interface_parameter_value HostSystem_inst reset associatedClock
Info: get_instance_interfaces HostSystem_inst_clk_bfm
Info: get_instance_interface_property HostSystem_inst_clk_bfm clk CLASS_NAME
Info: send_message Warning TB_Gen: HostSystem_inst_reset_bfm is not associated to any clock; connecting HostSystem_inst_reset_bfm to 'HostSystem_inst_clk_bfm.clk'
Warning: TB_Gen: HostSystem_inst_reset_bfm is not associated to any clock; connecting HostSystem_inst_reset_bfm to 'HostSystem_inst_clk_bfm.clk'
Info: add_connection HostSystem_inst_clk_bfm.clk HostSystem_inst_reset_bfm.clk
Info: get_instance_interface_property HostSystem_inst reset CLASS_NAME
Info: get_instance_interfaces HostSystem_inst_reset_bfm
Info: get_instance_interface_property HostSystem_inst_reset_bfm reset CLASS_NAME
Info: get_instance_interface_property HostSystem_inst_reset_bfm clk CLASS_NAME
Info: add_connection HostSystem_inst_reset_bfm.reset HostSystem_inst.reset
Info: send_message Info TB_Gen: Saving testbench system: HostSystem_tb.qsys
Info: TB_Gen: Saving testbench system: HostSystem_tb.qsys
Info: save_system HostSystem_tb.qsys
Info: send_message Info TB_Gen: TBGEN SUCCESSFUL
Info: TB_Gen: TBGEN SUCCESSFUL
Info: Testbench system: D:/exemplo_VHDL/SimpleNiosII/HostSystem/testbench/HostSystem_tb.qsys
Info: Done
Info: ip-generate --project-directory=D:/exemplo_VHDL/SimpleNiosII/HostSystem/testbench/ --output-directory=D:/exemplo_VHDL/SimpleNiosII/HostSystem/testbench/HostSystem_tb/simulation/ --file-set=SIM_VHDL --report-file=html:D:/exemplo_VHDL/SimpleNiosII/HostSystem/testbench/HostSystem_tb.html --system-info=DEVICE_FAMILY="Cyclone III" --system-info=DEVICE=Unknown --system-info=DEVICE_SPEEDGRADE=Unknown --component-file=D:/exemplo_VHDL/SimpleNiosII/HostSystem/testbench/HostSystem_tb.qsys --report-file=csv:D:/exemplo_VHDL/SimpleNiosII/HostSystem_tb.csv --report-file=spd:D:/exemplo_VHDL/SimpleNiosII/HostSystem_tb.spd
Progress: Loading testbench/HostSystem_tb.qsys
Progress: Reading input file
Progress: Adding HostSystem_inst [HostSystem 1.0]
Progress: Parameterizing module HostSystem_inst
Progress: Adding HostSystem_inst_clk_bfm [altera_avalon_clock_source 13.0]
Progress: Parameterizing module HostSystem_inst_clk_bfm
Progress: Adding HostSystem_inst_reset_bfm [altera_avalon_reset_source 13.0]
Progress: Parameterizing module HostSystem_inst_reset_bfm
Progress: Building connections
Progress: Parameterizing connections
Progress: Validating
Progress: Done reading input file
Warning: HostSystem_tb.HostSystem_inst.cpu: No Debugger.  You will not be able to download or debug programs
Warning: HostSystem_tb.HostSystem_inst.exemplo: The SIM_VHDL fileset must specify the top-level module name.
Warning: HostSystem_tb.HostSystem_inst.clk_0.clk/exemplo_0.clock_sink: exemplo_0.clock_sink requires 50000000Hz, but source has frequency of 25000000Hz
Info: HostSystem_tb.HostSystem_inst_clk_bfm: Elaborate: altera_clock_source
Info: HostSystem_tb.HostSystem_inst_clk_bfm:            $Revision: #1 $
Info: HostSystem_tb.HostSystem_inst_clk_bfm:            $Date: 2013/03/07 $
Info: HostSystem_tb.HostSystem_inst_reset_bfm: Elaborate: altera_reset_source
Info: HostSystem_tb.HostSystem_inst_reset_bfm:            $Revision: #1 $
Info: HostSystem_tb.HostSystem_inst_reset_bfm:            $Date: 2013/03/07 $
Info: HostSystem_tb.HostSystem_inst_reset_bfm: Reset is negatively asserted.
Info: HostSystem_tb: Generating HostSystem_tb "HostSystem_tb" for SIM_VHDL
Info: pipeline_bridge_swap_transform: After transform: 3 modules, 3 connections
Info: No custom instruction connections, skipping transform 
Info: No Avalon connections, skipping transform 
Info: merlin_translator_transform: After transform: 3 modules, 3 connections
Info: pipeline_bridge_swap_transform: After transform: 4 modules, 10 connections
Info: No custom instruction connections, skipping transform 
Info: merlin_translator_transform: After transform: 8 modules, 22 connections
Info: merlin_domain_transform: After transform: 15 modules, 56 connections
Info: merlin_router_transform: After transform: 19 modules, 68 connections
Info: reset_adaptation_transform: After transform: 20 modules, 70 connections
Info: merlin_network_to_switch_transform: After transform: 27 modules, 86 connections
Info: merlin_width_transform: After transform: 29 modules, 92 connections
Info: merlin_mm_transform: After transform: 29 modules, 92 connections
Info: merlin_interrupt_mapper_transform: After transform: 30 modules, 95 connections
Warning: HostSystem_inst: "No matching role found for rst_controller:reset_out:reset_req (reset_req)"
Warning: HostSystem_inst: "No matching role found for rst_controller:reset_out:reset_req (reset_req)"
Warning: HostSystem_inst: "No matching role found for rst_controller:reset_out:reset_req (reset_req)"
Warning: HostSystem_inst: "No matching role found for rst_controller:reset_out:reset_req (reset_req)"
Warning: HostSystem_inst: "No matching role found for rst_controller:reset_out:reset_req (reset_req)"
Warning: HostSystem_inst: "No matching role found for rst_controller:reset_out:reset_req (reset_req)"
Warning: HostSystem_inst: "No matching role found for rst_controller:reset_out:reset_req (reset_req)"
Warning: HostSystem_inst: "No matching role found for rst_controller:reset_out:reset_req (reset_req)"
Warning: HostSystem_inst: "No matching role found for rst_controller:reset_out:reset_req (reset_req)"
Warning: HostSystem_inst: "No matching role found for rst_controller:reset_out:reset_req (reset_req)"
Warning: HostSystem_inst: "No matching role found for rst_controller:reset_out:reset_req (reset_req)"
Warning: HostSystem_inst: "No matching role found for rst_controller:reset_out:reset_req (reset_req)"
Warning: HostSystem_inst: "No matching role found for rst_controller:reset_out:reset_req (reset_req)"
Warning: HostSystem_inst: "No matching role found for rst_controller:reset_out:reset_req (reset_req)"
Warning: HostSystem_inst: "No matching role found for rst_controller:reset_out:reset_req (reset_req)"
Warning: HostSystem_inst: "No matching role found for rst_controller:reset_out:reset_req (reset_req)"
Warning: HostSystem_inst: "No matching role found for rst_controller:reset_out:reset_req (reset_req)"
Warning: HostSystem_inst: "No matching role found for rst_controller:reset_out:reset_req (reset_req)"
Warning: HostSystem_inst: "No matching role found for rst_controller:reset_out:reset_req (reset_req)"
Warning: HostSystem_inst: "No matching role found for rst_controller:reset_out:reset_req (reset_req)"
Warning: HostSystem_inst: "No matching role found for rst_controller:reset_out:reset_req (reset_req)"
Warning: HostSystem_inst: "No matching role found for rst_controller:reset_out:reset_req (reset_req)"
Warning: HostSystem_inst: "No matching role found for rst_controller:reset_out:reset_req (reset_req)"
Warning: HostSystem_inst: "No matching role found for rst_controller:reset_out:reset_req (reset_req)"
Warning: HostSystem_inst: "No matching role found for rst_controller:reset_out:reset_req (reset_req)"
Warning: HostSystem_inst: "No matching role found for rst_controller:reset_out:reset_req (reset_req)"
Warning: HostSystem_inst: "No matching role found for rst_controller:reset_out:reset_req (reset_req)"
Info: HostSystem_inst: "HostSystem_tb" instantiated HostSystem "HostSystem_inst"
Info: HostSystem_inst_clk_bfm: "HostSystem_tb" instantiated altera_avalon_clock_source "HostSystem_inst_clk_bfm"
Info: HostSystem_inst_reset_bfm: "HostSystem_tb" instantiated altera_avalon_reset_source "HostSystem_inst_reset_bfm"
Info: memory: Starting RTL generation for module 'HostSystem_memory'
Info: memory:   Generation command is [exec C:/altera/13.0sp1/quartus/bin/perl/bin/perl.exe -I C:/altera/13.0sp1/quartus/common/ip/altera/common/perl/5.8.3 -I C:/altera/13.0sp1/quartus/sopc_builder/bin/europa -I C:/altera/13.0sp1/quartus/sopc_builder/bin/perl_lib -I C:/altera/13.0sp1/quartus/sopc_builder/bin -I C:/altera/13.0sp1/quartus/../ip/altera/sopc_builder_ip/common -I C:/altera/13.0sp1/quartus/../ip/altera/sopc_builder_ip/altera_avalon_onchip_memory2 -- C:/altera/13.0sp1/quartus/../ip/altera/sopc_builder_ip/altera_avalon_onchip_memory2/generate_rtl.pl --name=HostSystem_memory --dir=C:/Users/luizc/AppData/Local/Temp/alt8523_8568941309133074530.dir/0016_memory_gen/ --quartus_dir=C:/altera/13.0sp1/quartus --vhdl --config=C:/Users/luizc/AppData/Local/Temp/alt8523_8568941309133074530.dir/0016_memory_gen//HostSystem_memory_component_configuration.pl  --do_build_sim=1    --sim_dir=C:/Users/luizc/AppData/Local/Temp/alt8523_8568941309133074530.dir/0016_memory_gen/  ]
Info: memory: Done RTL generation for module 'HostSystem_memory'
Info: memory: "HostSystem_inst" instantiated altera_avalon_onchip_memory2 "memory"
Info: cpu: Starting RTL generation for module 'HostSystem_cpu'
Info: cpu:   Generation command is [exec C:/altera/13.0sp1/quartus/../ip/altera/nios2_ip/altera_nios2/eperl.exe -I C:/altera/13.0sp1/quartus/common/ip/altera/common/perl/5.8.3 -I C:/altera/13.0sp1/quartus/sopc_builder/bin/europa -I C:/altera/13.0sp1/quartus/sopc_builder/bin/perl_lib -I C:/altera/13.0sp1/quartus/sopc_builder/bin -I C:/altera/13.0sp1/quartus/../ip/altera/nios2_ip/altera_nios2/cpu_lib -I C:/altera/13.0sp1/quartus/../ip/altera/nios2_ip/altera_nios2/nios_lib -I C:/altera/13.0sp1/quartus/../ip/altera/nios2_ip/altera_nios2 -I C:/altera/13.0sp1/quartus/../ip/altera/nios2_ip/altera_nios2 -- C:/altera/13.0sp1/quartus/../ip/altera/nios2_ip/altera_nios2/generate_rtl.epl --name=HostSystem_cpu --dir=C:/Users/luizc/AppData/Local/Temp/alt8523_8568941309133074530.dir/0017_cpu_gen/ --quartus_dir=C:/altera/13.0sp1/quartus --vhdl --config=C:/Users/luizc/AppData/Local/Temp/alt8523_8568941309133074530.dir/0017_cpu_gen//HostSystem_cpu_processor_configuration.pl  --do_build_sim=1    --sim_dir=C:/Users/luizc/AppData/Local/Temp/alt8523_8568941309133074530.dir/0017_cpu_gen/    --bogus  ]
Info: cpu: # 2020.09.18 10:49:57 (*) Starting Nios II generation
Info: cpu: # 2020.09.18 10:49:57 (*)   Checking for plaintext license.
Info: cpu: # 2020.09.18 10:49:58 (*)   Couldn't query license setup in Quartus directory C:/altera/13.0sp1/quartus
Info: cpu: # 2020.09.18 10:49:58 (*)   Defaulting to contents of LM_LICENSE_FILE environment variable
Info: cpu: # 2020.09.18 10:49:58 (*)   LM_LICENSE_FILE environment variable is empty
Info: cpu: # 2020.09.18 10:49:58 (*)   Plaintext license not found.
Info: cpu: # 2020.09.18 10:49:58 (*)   No license required to generate encrypted Nios II/e.
Info: cpu: # 2020.09.18 10:49:58 (*)   Elaborating CPU configuration settings
Info: cpu: # 2020.09.18 10:49:58 (*)   Creating all objects for CPU
Info: cpu: # 2020.09.18 10:49:59 (*)   Creating 'C:/Users/luizc/AppData/Local/Temp/alt8523_8568941309133074530.dir/0017_cpu_gen//HostSystem_cpu_nios2_waves.do'
Info: cpu: # 2020.09.18 10:49:59 (*)   Generating RTL from CPU objects
Info: cpu: # 2020.09.18 10:49:59 (*)   Creating plain-text RTL
Info: cpu: # 2020.09.18 10:50:00 (*) Done Nios II generation
Info: cpu: Done RTL generation for module 'HostSystem_cpu'
Info: cpu: "HostSystem_inst" instantiated altera_nios2_qsys "cpu"
Info: exemplo_0: "HostSystem_inst" instantiated exemplo "exemplo_0"
Info: cpu_instruction_master_translator: "HostSystem_inst" instantiated altera_merlin_master_translator "cpu_instruction_master_translator"
Info: memory_s1_translator: "HostSystem_inst" instantiated altera_merlin_slave_translator "memory_s1_translator"
Info: cpu_instruction_master_translator_avalon_universal_master_0_agent: "HostSystem_inst" instantiated altera_merlin_master_agent "cpu_instruction_master_translator_avalon_universal_master_0_agent"
Info: memory_s1_translator_avalon_universal_slave_0_agent: "HostSystem_inst" instantiated altera_merlin_slave_agent "memory_s1_translator_avalon_universal_slave_0_agent"
Info: memory_s1_translator_avalon_universal_slave_0_agent_rsp_fifo: Generating VHDL simulation model
Info: memory_s1_translator_avalon_universal_slave_0_agent_rsp_fifo: Generated simulation model HostSystem_memory_s1_translator_avalon_universal_slave_0_agent_rsp_fifo.vho
Info: memory_s1_translator_avalon_universal_slave_0_agent_rsp_fifo: "HostSystem_inst" instantiated altera_avalon_sc_fifo "memory_s1_translator_avalon_universal_slave_0_agent_rsp_fifo"
Info: exemplo_0_avalon_slave_translator_avalon_universal_slave_0_agent_rsp_fifo: Generating VHDL simulation model
Info: exemplo_0_avalon_slave_translator_avalon_universal_slave_0_agent_rsp_fifo: Generated simulation model HostSystem_exemplo_0_avalon_slave_translator_avalon_universal_slave_0_agent_rsp_fifo.vho
Info: exemplo_0_avalon_slave_translator_avalon_universal_slave_0_agent_rsp_fifo: "HostSystem_inst" instantiated altera_avalon_sc_fifo "exemplo_0_avalon_slave_translator_avalon_universal_slave_0_agent_rsp_fifo"
Info: addr_router: "HostSystem_inst" instantiated altera_merlin_router "addr_router"
Info: id_router: "HostSystem_inst" instantiated altera_merlin_router "id_router"
Info: id_router_001: "HostSystem_inst" instantiated altera_merlin_router "id_router_001"
Info: rst_controller: "HostSystem_inst" instantiated altera_reset_controller "rst_controller"
Info: cmd_xbar_demux: Generating VHDL simulation model
Info: cmd_xbar_demux: Generated simulation model HostSystem_cmd_xbar_demux.vho
Info: cmd_xbar_demux: "HostSystem_inst" instantiated altera_merlin_demultiplexer "cmd_xbar_demux"
Info: cmd_xbar_mux: Generating VHDL simulation model
Info: cmd_xbar_mux: Generated simulation model HostSystem_cmd_xbar_mux.vho
Info: cmd_xbar_mux: "HostSystem_inst" instantiated altera_merlin_multiplexer "cmd_xbar_mux"
Info: rsp_xbar_mux: Generating VHDL simulation model
Info: rsp_xbar_mux: Generated simulation model HostSystem_rsp_xbar_mux.vho
Info: rsp_xbar_mux: "HostSystem_inst" instantiated altera_merlin_multiplexer "rsp_xbar_mux"
Info: width_adapter: "HostSystem_inst" instantiated altera_merlin_width_adapter "width_adapter"
Info: Reusing file D:/exemplo_VHDL/SimpleNiosII/HostSystem/testbench/HostSystem_tb/simulation/submodules/mentor/altera_merlin_burst_uncompressor.sv
Info: Reusing file D:/exemplo_VHDL/SimpleNiosII/HostSystem/testbench/HostSystem_tb/simulation/submodules/aldec/altera_merlin_burst_uncompressor.sv
Info: irq_mapper: Generating VHDL simulation model
Info: irq_mapper: Generated simulation model HostSystem_irq_mapper.vho
Info: irq_mapper: "HostSystem_inst" instantiated altera_irq_mapper "irq_mapper"
Info: HostSystem_tb: Done HostSystem_tb" with 22 modules, 105 files, 3436765 bytes
Info: ip-generate succeeded.
Info: sim-script-gen --spd=D:/exemplo_VHDL/SimpleNiosII/HostSystem_tb.spd --output-directory=D:/exemplo_VHDL/SimpleNiosII/HostSystem/testbench/
Info: Doing: ip-make-simscript --spd=D:/exemplo_VHDL/SimpleNiosII/HostSystem_tb.spd --output-directory=D:/exemplo_VHDL/SimpleNiosII/HostSystem/testbench/
Info: Generating the following file(s) for MODELSIM simulator in D:/exemplo_VHDL/SimpleNiosII/HostSystem/testbench/ directory:
Info: 	mentor/msim_setup.tcl
Info: Skipping VCS script generation since VHDL file $QUARTUS_INSTALL_DIR/eda/sim_lib/altera_syn_attributes.vhd is required for simulation
Info: Generating the following file(s) for VCSMX simulator in D:/exemplo_VHDL/SimpleNiosII/HostSystem/testbench/ directory:
Info: 	synopsys/vcsmx/synopsys_sim.setup
Info: 	synopsys/vcsmx/vcsmx_setup.sh
Info: Generating the following file(s) for NCSIM simulator in D:/exemplo_VHDL/SimpleNiosII/HostSystem/testbench/ directory:
Info: 	cadence/cds.lib
Info: 	cadence/hdl.var
Info: 	cadence/ncsim_setup.sh
Info: 	15 .cds.lib files in cadence/cds_libs/ directory
Info: Generating the following file(s) for RIVIERAPRO simulator in D:/exemplo_VHDL/SimpleNiosII/HostSystem/testbench/ directory:
Info: 	aldec/rivierapro_setup.tcl
Info: Finished: Create testbench Qsys system
